2025-02-17 16:32:07 - Starting Bicep backend setup...
2025-02-17 16:32:07 - Use the Azure CLI to deploy the Bicep template
2025-02-17 16:33:41 - Starting Bicep backend setup...
2025-02-17 16:33:41 - Use the Azure CLI to deploy the Bicep template
2025-02-17 17:34:29 - Starting Bicep backend setup...
2025-02-17 17:34:29 - Use the Azure CLI to deploy the Bicep template
2025-02-17 17:37:34 - Starting Bicep backend setup...
2025-02-17 17:37:34 - Use the Azure CLI to deploy the Bicep template
2025-02-17 17:43:08 - Starting Bicep backend setup...
2025-02-17 17:43:08 - Use the Azure CLI to deploy the Bicep template
Name    State      Timestamp                         Mode         ResourceGroup
------  ---------  --------------------------------  -----------  ---------------------
main    Succeeded  2025-02-17T15:43:42.531647+00:00  Incremental  devBicepResourceGroup
Result
-------------
4.246.205.249
2025-02-17 17:43:59 - SSH into the VM using the public IP address: ssh azureadmin@<vmPublicIP>
2025-02-17 17:43:59 - Bicep backend setup completed successfully!
2025-02-17 18:03:18 - Starting Bicep backend setup...
2025-02-17 18:03:18 - Use the Azure CLI to deploy the Bicep template
Name    State      Timestamp                         Mode         ResourceGroup
------  ---------  --------------------------------  -----------  ---------------------
main    Succeeded  2025-02-17T16:04:15.113793+00:00  Incremental  devBicepResourceGroup
2025-02-17 18:04:40 - SSH into the VM using the public IP address: ssh azureadmin@4.246.205.249
2025-02-17 18:04:40 - Bicep backend setup completed successfully!
