2025-02-13 15:18:49 - Starting Terraform backend setup...
2025-02-13 15:18:49 - Creating resource group: terraform-rg-dev2025
Location    Name
----------  --------------------
eastus      terraform-rg-dev2025
2025-02-13 15:18:53 - Creating storage account: tfstatestorage12345dev
AccessTier    AllowBlobPublicAccess    AllowCrossTenantReplication    CreationTime                      EnableHttpsTrafficOnly    Kind       Location    MinimumTlsVersion    Name                    PrimaryLocation    ProvisioningState    ResourceGroup         StatusOfPrimary
------------  -----------------------  -----------------------------  --------------------------------  ------------------------  ---------  ----------  -------------------  ----------------------  -----------------  -------------------  --------------------  -----------------
Hot           False                    False                          2025-02-12T20:42:48.097642+00:00  True                      StorageV2  eastus      TLS1_0               tfstatestorage12345dev  eastus             Succeeded            terraform-rg-dev2025  available
2025-02-13 15:18:56 - Creating storage container: tfstate-container
Created
---------
False
CreatedBy                             CreatedOn                         Name                                  PrincipalId                           PrincipalName                                              PrincipalType    ResourceGroup         RoleDefinitionId                                                                                                                            RoleDefinitionName             Scope                                                                                                                                                       UpdatedBy                             UpdatedOn
------------------------------------  --------------------------------  ------------------------------------  ------------------------------------  ---------------------------------------------------------  ---------------  --------------------  ------------------------------------------------------------------------------------------------------------------------------------------  -----------------------------  ----------------------------------------------------------------------------------------------------------------------------------------------------------  ------------------------------------  --------------------------------
a6ef082c-f2ff-44cb-88d6-57ead467d75e  2025-02-12T20:43:28.555666+00:00  914f5f18-4d29-46ba-902a-66432df7593c  a6ef082c-f2ff-44cb-88d6-57ead467d75e  StanislavKostenich@dmytroslotvinskyygmail.onmicrosoft.com  User             terraform-rg-dev2025  /subscriptions/9a6ae428-d8c3-44fe-bdf2-4e08593901a0/providers/Microsoft.Authorization/roleDefinitions/ba92f5b4-2d11-453d-a403-e96b0029c9fe  Storage Blob Data Contributor  /subscriptions/9a6ae428-d8c3-44fe-bdf2-4e08593901a0/resourceGroups/terraform-rg-dev2025/providers/Microsoft.Storage/storageAccounts/tfstatestorage12345dev  a6ef082c-f2ff-44cb-88d6-57ead467d75e  2025-02-12T20:43:28.555666+00:00
2025-02-13 15:19:03 - Verifying storage container contents...
2025-02-13 15:19:03 - Terraform backend setup completed successfully!
2025-02-14 15:09:13 - Starting Terraform backend setup...
2025-02-14 15:09:13 - Creating resource group: terraform-rg-dev2025
Location    Name
----------  --------------------
eastus      terraform-rg-dev2025
2025-02-14 15:09:17 - Creating storage account: tfstatestorage12345dev
AccessTier    AllowBlobPublicAccess    AllowCrossTenantReplication    CreationTime                      EnableHttpsTrafficOnly    Kind       Location    MinimumTlsVersion    Name                    PrimaryLocation    ProvisioningState    ResourceGroup         StatusOfPrimary
------------  -----------------------  -----------------------------  --------------------------------  ------------------------  ---------  ----------  -------------------  ----------------------  -----------------  -------------------  --------------------  -----------------
Hot           False                    False                          2025-02-14T15:09:21.058105+00:00  True                      StorageV2  eastus      TLS1_0               tfstatestorage12345dev  eastus             Succeeded            terraform-rg-dev2025  available
2025-02-14 15:09:41 - Creating storage container: tfstate-container
Created
---------
True
CreatedOn                         Name                                  PrincipalId                           PrincipalType    ResourceGroup         RoleDefinitionId                                                                                                                            Scope                                                                                                                                                       UpdatedBy                             UpdatedOn
--------------------------------  ------------------------------------  ------------------------------------  ---------------  --------------------  ------------------------------------------------------------------------------------------------------------------------------------------  ----------------------------------------------------------------------------------------------------------------------------------------------------------  ------------------------------------  --------------------------------
2025-02-14T15:09:45.505674+00:00  7503407e-c728-4c7f-a14d-91257f82cf90  a6ef082c-f2ff-44cb-88d6-57ead467d75e  User             terraform-rg-dev2025  /subscriptions/9a6ae428-d8c3-44fe-bdf2-4e08593901a0/providers/Microsoft.Authorization/roleDefinitions/ba92f5b4-2d11-453d-a403-e96b0029c9fe  /subscriptions/9a6ae428-d8c3-44fe-bdf2-4e08593901a0/resourceGroups/terraform-rg-dev2025/providers/Microsoft.Storage/storageAccounts/tfstatestorage12345dev  a6ef082c-f2ff-44cb-88d6-57ead467d75e  2025-02-14T15:09:45.914676+00:00
2025-02-14 15:09:48 - Verifying storage container contents...
2025-02-14 15:09:48 - Terraform backend setup completed successfully!
